Using pre-set license
Built from '2022.3/staging' branch; Version is '2022.3.4f1 (35713cd46cd7) revision 3502396'; Using compiler version '192829333'; Build Type 'Release'
OS: 'Windows 10  (10.0.19045) 64bit Core' Language: 'en' Physical Memory: 16333 MB
BatchMode: 1, IsHumanControllingUs: 0, StartBugReporterOnCrash: 0, Is64bit: 1, IsPro: 1

COMMAND LINE ARGUMENTS:
D:\Unity\2022.3.4f1\Editor\Unity.exe
-adb2
-batchMode
-noUpm
-name
AssetImportWorker0
-projectPath
C:/Users/omenc/Documents/GitHub/Particlemangame/chef_game
-logFile
Logs/AssetImportWorker0.log
-srvPort
59595
Successfully changed project path to: C:/Users/omenc/Documents/GitHub/Particlemangame/chef_game
C:/Users/omenc/Documents/GitHub/Particlemangame/chef_game
[UnityMemory] Configuration Parameters - Can be set up in boot.config
    "memorysetup-bucket-allocator-granularity=16"
    "memorysetup-bucket-allocator-bucket-count=8"
    "memorysetup-bucket-allocator-block-size=33554432"
    "memorysetup-bucket-allocator-block-count=8"
    "memorysetup-main-allocator-block-size=16777216"
    "memorysetup-thread-allocator-block-size=16777216"
    "memorysetup-gfx-main-allocator-block-size=16777216"
    "memorysetup-gfx-thread-allocator-block-size=16777216"
    "memorysetup-cache-allocator-block-size=4194304"
    "memorysetup-typetree-allocator-block-size=2097152"
    "memorysetup-profiler-bucket-allocator-granularity=16"
    "memorysetup-profiler-bucket-allocator-bucket-count=8"
    "memorysetup-profiler-bucket-allocator-block-size=33554432"
    "memorysetup-profiler-bucket-allocator-block-count=8"
    "memorysetup-profiler-allocator-block-size=16777216"
    "memorysetup-profiler-editor-allocator-block-size=1048576"
    "memorysetup-temp-allocator-size-main=16777216"
    "memorysetup-job-temp-allocator-block-size=2097152"
    "memorysetup-job-temp-allocator-block-size-background=1048576"
    "memorysetup-job-temp-allocator-reduction-small-platforms=262144"
    "memorysetup-allocator-temp-initial-block-size-main=262144"
    "memorysetup-allocator-temp-initial-block-size-worker=262144"
    "memorysetup-temp-allocator-size-background-worker=32768"
    "memorysetup-temp-allocator-size-job-worker=262144"
    "memorysetup-temp-allocator-size-preload-manager=33554432"
    "memorysetup-temp-allocator-size-nav-mesh-worker=65536"
    "memorysetup-temp-allocator-size-audio-worker=65536"
    "memorysetup-temp-allocator-size-cloud-worker=32768"
    "memorysetup-temp-allocator-size-gi-baking-worker=262144"
    "memorysetup-temp-allocator-size-gfx=262144"
Player connection [18056] Host "[IP] 149.166.188.221 [Port] 0 [Flags] 2 [Guid] 2475878872 [EditorId] 2475878872 [Version] 1048832 [Id] WindowsEditor(7,DESKTOP-20AO1S4) [Debug] 1 [PackageName] WindowsEditor [ProjectName] Editor" joined multi-casting on [225.0.0.222:54997]...

Player connection [18056] Host "[IP] 149.166.188.221 [Port] 0 [Flags] 2 [Guid] 2475878872 [EditorId] 2475878872 [Version] 1048832 [Id] WindowsEditor(7,DESKTOP-20AO1S4) [Debug] 1 [PackageName] WindowsEditor [ProjectName] Editor" joined alternative multi-casting on [225.0.0.222:34997]...

Refreshing native plugins compatible for Editor in 38.56 ms, found 3 plugins.
Preloading 0 native plugins for Editor in 0.00 ms.
Initialize engine version: 2022.3.4f1 (35713cd46cd7)
[Subsystems] Discovering subsystems at path D:/Unity/2022.3.4f1/Editor/Data/Resources/UnitySubsystems
[Subsystems] Discovering subsystems at path C:/Users/omenc/Documents/GitHub/Particlemangame/chef_game/Assets
GfxDevice: creating device client; threaded=0; jobified=0
Direct3D:
    Version:  Direct3D 11.0 [level 11.1]
    Renderer: NVIDIA GeForce RTX 3060 Ti (ID=0x2486)
    Vendor:   NVIDIA
    VRAM:     8038 MB
    Driver:   31.0.15.3713
Initialize mono
Mono path[0] = 'D:/Unity/2022.3.4f1/Editor/Data/Managed'
Mono path[1] = 'D:/Unity/2022.3.4f1/Editor/Data/MonoBleedingEdge/lib/mono/unityjit-win32'
Mono config path = 'D:/Unity/2022.3.4f1/Editor/Data/MonoBleedingEdge/etc'
Using monoOptions --debugger-agent=transport=dt_socket,embedding=1,server=y,suspend=n,address=127.0.0.1:56140
Begin MonoManager ReloadAssembly
Registering precompiled unity dll's ...
Register platform support module: D:/Unity/2022.3.4f1/Editor/Data/PlaybackEngines/WindowsStandaloneSupport/UnityEditor.WindowsStandalone.Extensions.dll
Registered in 0.019802 seconds.
- Loaded All Assemblies, in  0.783 seconds
Native extension for WindowsStandalone target not found
Mono: successfully reloaded assembly
- Finished resetting the current domain, in  0.275 seconds
Domain Reload Profiling: 1058ms
	BeginReloadAssembly (509ms)
		ExecutionOrderSort (0ms)
		DisableScriptedObjects (0ms)
		BackupInstance (0ms)
		ReleaseScriptingObjects (0ms)
		CreateAndSetChildDomain (1ms)
	RebuildCommonClasses (37ms)
	RebuildNativeTypeToScriptingClass (11ms)
	initialDomainReloadingComplete (67ms)
	LoadAllAssembliesAndSetupDomain (160ms)
		LoadAssemblies (508ms)
		RebuildTransferFunctionScriptingTraits (0ms)
		AnalyzeDomain (156ms)
			TypeCache.Refresh (155ms)
				TypeCache.ScanAssembly (140ms)
			ScanForSourceGeneratedMonoScriptInfo (1ms)
			ResolveRequiredComponents (0ms)
	FinalizeReload (276ms)
		ReleaseScriptCaches (0ms)
		RebuildScriptCaches (0ms)
		SetupLoadedEditorAssemblies (217ms)
			LogAssemblyErrors (0ms)
			InitializePlatformSupportModulesInManaged (8ms)
			SetLoadedEditorAssemblies (8ms)
			RefreshPlugins (0ms)
			BeforeProcessingInitializeOnLoad (2ms)
			ProcessInitializeOnLoadAttributes (141ms)
			ProcessInitializeOnLoadMethodAttributes (57ms)
			AfterProcessingInitializeOnLoad (0ms)
			EditorAssembliesLoaded (0ms)
		ExecutionOrderSort2 (0ms)
		AwakeInstancesAfterBackupRestoration (0ms)
========================================================================
Worker process is ready to serve import requests
Begin MonoManager ReloadAssembly
- Loaded All Assemblies, in  1.369 seconds
Refreshing native plugins compatible for Editor in 6.69 ms, found 3 plugins.
Native extension for WindowsStandalone target not found
Mono: successfully reloaded assembly
- Finished resetting the current domain, in  0.609 seconds
Domain Reload Profiling: 1975ms
	BeginReloadAssembly (169ms)
		ExecutionOrderSort (0ms)
		DisableScriptedObjects (6ms)
		BackupInstance (0ms)
		ReleaseScriptingObjects (0ms)
		CreateAndSetChildDomain (26ms)
	RebuildCommonClasses (38ms)
	RebuildNativeTypeToScriptingClass (11ms)
	initialDomainReloadingComplete (46ms)
	LoadAllAssembliesAndSetupDomain (1101ms)
		LoadAssemblies (840ms)
		RebuildTransferFunctionScriptingTraits (0ms)
		AnalyzeDomain (356ms)
			TypeCache.Refresh (298ms)
				TypeCache.ScanAssembly (284ms)
			ScanForSourceGeneratedMonoScriptInfo (53ms)
			ResolveRequiredComponents (5ms)
	FinalizeReload (610ms)
		ReleaseScriptCaches (0ms)
		RebuildScriptCaches (0ms)
		SetupLoadedEditorAssemblies (453ms)
			LogAssemblyErrors (0ms)
			InitializePlatformSupportModulesInManaged (4ms)
			SetLoadedEditorAssemblies (4ms)
			RefreshPlugins (0ms)
			BeforeProcessingInitializeOnLoad (67ms)
			ProcessInitializeOnLoadAttributes (356ms)
			ProcessInitializeOnLoadMethodAttributes (18ms)
			AfterProcessingInitializeOnLoad (3ms)
			EditorAssembliesLoaded (0ms)
		ExecutionOrderSort2 (0ms)
		AwakeInstancesAfterBackupRestoration (8ms)
Launched and connected shader compiler UnityShaderCompiler.exe after 0.21 seconds
Refreshing native plugins compatible for Editor in 6.12 ms, found 3 plugins.
Preloading 0 native plugins for Editor in 0.00 ms.
Unloading 3702 Unused Serialized files (Serialized files now loaded: 0)
Unloading 49 unused Assets / (194.2 KB). Loaded Objects now: 4185.
Memory consumption went from 152.0 MB to 151.8 MB.
Total: 3.754800 ms (FindLiveObjects: 0.402400 ms CreateObjectMapping: 0.101500 ms MarkObjects: 3.057500 ms  DeleteObjects: 0.192100 ms)

AssetImportParameters requested are different than current active one (requested -> active):
  custom:container-demuxer-ogg: 62fdf1f143b41e24485cea50d1cbac27 -> 
  custom:video-decoder-ogg-theora: a1e56fd34408186e4bbccfd4996cb3dc -> 
  custom:framework-win-MediaFoundation: 216162199b28c13a410421893ffa2e32 -> 
  custom:container-demuxer-webm: 4f35f7cbe854078d1ac9338744f61a02 -> 
  custom:container-muxer-webm: aa71ff27fc2769a1b78a27578f13a17b -> 
  custom:video-decoder-webm-vp8: 9c59270c3fd7afecdb556c50c9e8de78 -> 
  custom:AudioImporter_EditorPlatform: d09bf68614088b80899f8185d706f6e7 -> 
  custom:video-encoder-webm-vp8: eb34c28f22e8b96e1ab97ce403110664 -> 
  custom:audio-decoder-ogg-vorbis: bf7c407c2cedff20999df2af8eb42d56 -> 
  custom:audio-encoder-webm-vorbis: bf7c407c2cedff20999df2af8eb42d56 -> 
========================================================================
Received Import Request.
  Time since last request: 59934.362460 seconds.
  path: Assets/Meshes/SaltShaker/standardSurface1_Mixed_AO.png
  artifactKey: Guid(ec12324900f8ce147bdb427e0e5c653a) Importer(815301076,1909f56bfc062723c751e8b465ee728b)
Start importing Assets/Meshes/SaltShaker/standardSurface1_Mixed_AO.png using Guid(ec12324900f8ce147bdb427e0e5c653a) Importer(815301076,1909f56bfc062723c751e8b465ee728b)  -> (artifact id: 'e6502ba776f85965a0753134ef09e904') in 0.163295 seconds
Number of updated asset objects reloaded before import = 0
Number of asset objects unloaded after import = 2
========================================================================
Received Import Request.
  Time since last request: 0.000029 seconds.
  path: Assets/Meshes/SaltShaker/standardSurface1_Metallic.png
  artifactKey: Guid(0e568ea64675e18429413b1d4b3cc37f) Importer(815301076,1909f56bfc062723c751e8b465ee728b)
Start importing Assets/Meshes/SaltShaker/standardSurface1_Metallic.png using Guid(0e568ea64675e18429413b1d4b3cc37f) Importer(815301076,1909f56bfc062723c751e8b465ee728b)  -> (artifact id: 'f5404d3aec2b8dba1bff17332a0b82df') in 0.020127 seconds
Number of updated asset objects reloaded before import = 0
Number of asset objects unloaded after import = 2
========================================================================
Received Import Request.
  Time since last request: 0.006611 seconds.
  path: Assets/Meshes/SaltShaker/standardSurface1_Normal.png
  artifactKey: Guid(7a0a0c71471bcd640b7d4fe3e3d609d7) Importer(815301076,1909f56bfc062723c751e8b465ee728b)
Start importing Assets/Meshes/SaltShaker/standardSurface1_Normal.png using Guid(7a0a0c71471bcd640b7d4fe3e3d609d7) Importer(815301076,1909f56bfc062723c751e8b465ee728b)  -> (artifact id: '06d72a1527504ef76764a08089897f92') in 0.015956 seconds
Number of updated asset objects reloaded before import = 0
Number of asset objects unloaded after import = 2
========================================================================
Received Import Request.
  Time since last request: 0.003067 seconds.
  path: Assets/Meshes/SaltShaker
  artifactKey: Guid(73a57f0a3475eba4897663d3d5c674fc) Importer(815301076,1909f56bfc062723c751e8b465ee728b)
Start importing Assets/Meshes/SaltShaker using Guid(73a57f0a3475eba4897663d3d5c674fc) Importer(815301076,1909f56bfc062723c751e8b465ee728b)  -> (artifact id: '2a9e0a4471ecdfa4fa41dc8ea9cfb104') in 0.000645 seconds
Number of updated asset objects reloaded before import = 0
Number of asset objects unloaded after import = 0
========================================================================
Received Import Request.
  Time since last request: 0.011365 seconds.
  path: Assets/Meshes/SaltShaker/standardSurface1_Height.png
  artifactKey: Guid(4e90dd448033d474b938bd609e2c7d3c) Importer(815301076,1909f56bfc062723c751e8b465ee728b)
Start importing Assets/Meshes/SaltShaker/standardSurface1_Height.png using Guid(4e90dd448033d474b938bd609e2c7d3c) Importer(815301076,1909f56bfc062723c751e8b465ee728b)  -> (artifact id: 'b2dbaca687155879b38c12a71282f98a') in 0.018514 seconds
Number of updated asset objects reloaded before import = 0
Number of asset objects unloaded after import = 2
========================================================================
Received Import Request.
  Time since last request: 0.016019 seconds.
  path: Assets/Meshes/SaltShaker/standardSurface1_Normal_OpenGL.png
  artifactKey: Guid(a0bcc8406b1493a4ea0aab62d1ae9f61) Importer(815301076,1909f56bfc062723c751e8b465ee728b)
Start importing Assets/Meshes/SaltShaker/standardSurface1_Normal_OpenGL.png using Guid(a0bcc8406b1493a4ea0aab62d1ae9f61) Importer(815301076,1909f56bfc062723c751e8b465ee728b)  -> (artifact id: 'abe60c1c35d29d42e7159f7357c8cbcf') in 0.017212 seconds
Number of updated asset objects reloaded before import = 0
Number of asset objects unloaded after import = 2
========================================================================
Received Import Request.
  Time since last request: 0.016044 seconds.
  path: Assets/Meshes/SaltShaker/standardSurface1_Roughness.png
  artifactKey: Guid(e99636b85272a1d42997a4ac361d595d) Importer(815301076,1909f56bfc062723c751e8b465ee728b)
Start importing Assets/Meshes/SaltShaker/standardSurface1_Roughness.png using Guid(e99636b85272a1d42997a4ac361d595d) Importer(815301076,1909f56bfc062723c751e8b465ee728b)  -> (artifact id: '18f5e932e5687c804277d360842849f2') in 0.016244 seconds
Number of updated asset objects reloaded before import = 0
Number of asset objects unloaded after import = 2
========================================================================
Received Import Request.
  Time since last request: 0.000037 seconds.
  path: Assets/Meshes/SaltShaker/standardSurface1_Base_color.png
  artifactKey: Guid(35a289caadde64d46b058f8084b71bde) Importer(815301076,1909f56bfc062723c751e8b465ee728b)
Start importing Assets/Meshes/SaltShaker/standardSurface1_Base_color.png using Guid(35a289caadde64d46b058f8084b71bde) Importer(815301076,1909f56bfc062723c751e8b465ee728b)  -> (artifact id: 'aa8c603aab2e2e4d8a80746acd29913f') in 0.016194 seconds
Number of updated asset objects reloaded before import = 0
Number of asset objects unloaded after import = 2
========================================================================
Received Prepare
Refreshing native plugins compatible for Editor in 6.63 ms, found 3 plugins.
Preloading 0 native plugins for Editor in 0.00 ms.
Unloading 2 Unused Serialized files (Serialized files now loaded: 0)
Unloading 3 unused Assets / (125.5 KB). Loaded Objects now: 4188.
Memory consumption went from 85.7 MB to 85.6 MB.
Total: 3.847800 ms (FindLiveObjects: 0.402000 ms CreateObjectMapping: 0.092900 ms MarkObjects: 3.222500 ms  DeleteObjects: 0.129200 ms)

Prepare: number of updated asset objects reloaded= 0
AssetImportParameters requested are different than current active one (requested -> active):
  custom:container-demuxer-ogg: 62fdf1f143b41e24485cea50d1cbac27 -> 
  custom:video-decoder-ogg-theora: a1e56fd34408186e4bbccfd4996cb3dc -> 
  custom:framework-win-MediaFoundation: 216162199b28c13a410421893ffa2e32 -> 
  custom:CustomObjectIndexerAttribute: 756ad292c208cfabdd7b50bc23989ffe -> 
  custom:container-demuxer-webm: 4f35f7cbe854078d1ac9338744f61a02 -> 
  custom:container-muxer-webm: aa71ff27fc2769a1b78a27578f13a17b -> 
  custom:video-decoder-webm-vp8: 9c59270c3fd7afecdb556c50c9e8de78 -> 
  custom:AudioImporter_EditorPlatform: d09bf68614088b80899f8185d706f6e7 -> 
  custom:video-encoder-webm-vp8: eb34c28f22e8b96e1ab97ce403110664 -> 
  custom:audio-decoder-ogg-vorbis: bf7c407c2cedff20999df2af8eb42d56 -> 
  custom:audio-encoder-webm-vorbis: bf7c407c2cedff20999df2af8eb42d56 -> 
========================================================================
Received Import Request.
  Time since last request: 23.589840 seconds.
  path: Assets/Meshes/SaltShaker/SaltShaker.fbx
  artifactKey: Guid(88217e50399ab2f49bc0943b88d2405c) Importer(815301076,1909f56bfc062723c751e8b465ee728b)
Start importing Assets/Meshes/SaltShaker/SaltShaker.fbx using Guid(88217e50399ab2f49bc0943b88d2405c) Importer(815301076,1909f56bfc062723c751e8b465ee728b)  -> (artifact id: 'b29258afbd0d7df86e45dc25ec7889ce') in 0.487050 seconds
Number of updated asset objects reloaded before import = 0
Number of asset objects unloaded after import = 8
========================================================================
Received Import Request.
  Time since last request: 65.226723 seconds.
  path: Assets/Meshes/SaltShaker/M_SaltShaker.mat
  artifactKey: Guid(3bb599ffc6235d240a81e2940ac684e1) Importer(815301076,1909f56bfc062723c751e8b465ee728b)
Start importing Assets/Meshes/SaltShaker/M_SaltShaker.mat using Guid(3bb599ffc6235d240a81e2940ac684e1) Importer(815301076,1909f56bfc062723c751e8b465ee728b)  -> (artifact id: 'e988cec102dd8d000f4c6e42535a44d3') in 0.007483 seconds
Number of updated asset objects reloaded before import = 0
Number of asset objects unloaded after import = 1
========================================================================
Received Import Request.
  Time since last request: 36.867354 seconds.
  path: Assets/Meshes/SaltShaker/standardSurface1_Normal_OpenGL.png
  artifactKey: Guid(a0bcc8406b1493a4ea0aab62d1ae9f61) Importer(815301076,1909f56bfc062723c751e8b465ee728b)
Start importing Assets/Meshes/SaltShaker/standardSurface1_Normal_OpenGL.png using Guid(a0bcc8406b1493a4ea0aab62d1ae9f61) Importer(815301076,1909f56bfc062723c751e8b465ee728b)  -> (artifact id: '7721776ac1686f0e51efd3a84968900b') in 0.020905 seconds
Number of updated asset objects reloaded before import = 0
Number of asset objects unloaded after import = 2
========================================================================
Received Import Request.
  Time since last request: 952.658065 seconds.
  path: Assets/Meshes/PepperShaker
  artifactKey: Guid(9c3db5a94e0db0d43b495a49e2c36c6b) Importer(815301076,1909f56bfc062723c751e8b465ee728b)
Start importing Assets/Meshes/PepperShaker using Guid(9c3db5a94e0db0d43b495a49e2c36c6b) Importer(815301076,1909f56bfc062723c751e8b465ee728b)  -> (artifact id: 'c6977073d8ec3fcfc0cecab55d24c930') in 0.007136 seconds
Number of updated asset objects reloaded before import = 0
Number of asset objects unloaded after import = 0
========================================================================
Received Import Request.
  Time since last request: 0.037640 seconds.
  path: Assets/Meshes/PepperShaker/PepperShaker.fbx
  artifactKey: Guid(13309c87e84c79045b89c62fc8bc5da2) Importer(815301076,1909f56bfc062723c751e8b465ee728b)
Start importing Assets/Meshes/PepperShaker/PepperShaker.fbx using Guid(13309c87e84c79045b89c62fc8bc5da2) Importer(815301076,1909f56bfc062723c751e8b465ee728b)  -> (artifact id: 'b941580b6c129a121f9fc48f86702783') in 0.038413 seconds
Number of updated asset objects reloaded before import = 0
Number of asset objects unloaded after import = 8
========================================================================
Received Import Request.
  Time since last request: 0.000017 seconds.
  path: Assets/Meshes/PepperShaker/standardSurface1_Metallic.png
  artifactKey: Guid(aa07db7bcadad744e89951d5c83ff905) Importer(815301076,1909f56bfc062723c751e8b465ee728b)
Start importing Assets/Meshes/PepperShaker/standardSurface1_Metallic.png using Guid(aa07db7bcadad744e89951d5c83ff905) Importer(815301076,1909f56bfc062723c751e8b465ee728b)  -> (artifact id: '367250e0785fe3378f40fd0fa89f8ad9') in 0.027251 seconds
Number of updated asset objects reloaded before import = 0
Number of asset objects unloaded after import = 2
========================================================================
Received Import Request.
  Time since last request: 0.000019 seconds.
  path: Assets/Meshes/PepperShaker/standardSurface1_Mixed_AO.png
  artifactKey: Guid(23583777b4e83104787d862f4cf4f626) Importer(815301076,1909f56bfc062723c751e8b465ee728b)
Start importing Assets/Meshes/PepperShaker/standardSurface1_Mixed_AO.png using Guid(23583777b4e83104787d862f4cf4f626) Importer(815301076,1909f56bfc062723c751e8b465ee728b)  -> (artifact id: '1770ca79b200af5650b28e7ab55c4a33') in 0.008296 seconds
Number of updated asset objects reloaded before import = 0
Number of asset objects unloaded after import = 2
========================================================================
Received Import Request.
  Time since last request: 0.000015 seconds.
  path: Assets/Meshes/PepperShaker/standardSurface1_Roughness.png
  artifactKey: Guid(bb1676e4f7ff5e346bff13948561bbdd) Importer(815301076,1909f56bfc062723c751e8b465ee728b)
Start importing Assets/Meshes/PepperShaker/standardSurface1_Roughness.png using Guid(bb1676e4f7ff5e346bff13948561bbdd) Importer(815301076,1909f56bfc062723c751e8b465ee728b)  -> (artifact id: '8e1a09bb27ea89aedcf2cfd44e8341d2') in 0.011150 seconds
Number of updated asset objects reloaded before import = 0
Number of asset objects unloaded after import = 2
========================================================================
Received Import Request.
  Time since last request: 0.000021 seconds.
  path: Assets/Meshes/PepperShaker/standardSurface1_Height.png
  artifactKey: Guid(c7ed3d5ce05a9fa42aae2afd76fce981) Importer(815301076,1909f56bfc062723c751e8b465ee728b)
Start importing Assets/Meshes/PepperShaker/standardSurface1_Height.png using Guid(c7ed3d5ce05a9fa42aae2afd76fce981) Importer(815301076,1909f56bfc062723c751e8b465ee728b)  -> (artifact id: 'ca5fcfc1866050e908e66d99697be021') in 0.011212 seconds
Number of updated asset objects reloaded before import = 0
Number of asset objects unloaded after import = 2
========================================================================
Received Import Request.
  Time since last request: 0.000021 seconds.
  path: Assets/Meshes/PepperShaker/standardSurface1_Normal_OpenGL.png
  artifactKey: Guid(15ccaf84325c1c946bf4027258f8c8e7) Importer(815301076,1909f56bfc062723c751e8b465ee728b)
Start importing Assets/Meshes/PepperShaker/standardSurface1_Normal_OpenGL.png using Guid(15ccaf84325c1c946bf4027258f8c8e7) Importer(815301076,1909f56bfc062723c751e8b465ee728b)  -> (artifact id: 'c5c06c37203f8374eafa0ed204a7d18e') in 0.010003 seconds
Number of updated asset objects reloaded before import = 0
Number of asset objects unloaded after import = 2
========================================================================
Received Import Request.
  Time since last request: 0.000018 seconds.
  path: Assets/Meshes/PepperShaker/standardSurface1_Base_color.png
  artifactKey: Guid(52d6c8b946a31744a92b507dafdcdb83) Importer(815301076,1909f56bfc062723c751e8b465ee728b)
Start importing Assets/Meshes/PepperShaker/standardSurface1_Base_color.png using Guid(52d6c8b946a31744a92b507dafdcdb83) Importer(815301076,1909f56bfc062723c751e8b465ee728b)  -> (artifact id: '12746b7ddface4a87a1badf165c8b601') in 0.009682 seconds
Number of updated asset objects reloaded before import = 0
Number of asset objects unloaded after import = 2
========================================================================
Received Import Request.
  Time since last request: 0.000017 seconds.
  path: Assets/Meshes/PepperShaker/standardSurface1_Normal.png
  artifactKey: Guid(9b16916f30376be40ba3f68113794e5c) Importer(815301076,1909f56bfc062723c751e8b465ee728b)
Start importing Assets/Meshes/PepperShaker/standardSurface1_Normal.png using Guid(9b16916f30376be40ba3f68113794e5c) Importer(815301076,1909f56bfc062723c751e8b465ee728b)  -> (artifact id: 'c4cd18a043423660794abf9f49dd19bf') in 0.009094 seconds
Number of updated asset objects reloaded before import = 0
Number of asset objects unloaded after import = 2
========================================================================
Received Import Request.
  Time since last request: 22.836409 seconds.
  path: Assets/Meshes/PepperShaker/PepperShaker.mat
  artifactKey: Guid(ee3d55c4a238d0e448bb2d122c1c1284) Importer(815301076,1909f56bfc062723c751e8b465ee728b)
Start importing Assets/Meshes/PepperShaker/PepperShaker.mat using Guid(ee3d55c4a238d0e448bb2d122c1c1284) Importer(815301076,1909f56bfc062723c751e8b465ee728b)  -> (artifact id: 'ef3dcdeeffd7935f30aeac255a00ac54') in 0.008856 seconds
Number of updated asset objects reloaded before import = 0
Number of asset objects unloaded after import = 1
========================================================================
Received Import Request.
  Time since last request: 20.083129 seconds.
  path: Assets/Meshes/PepperShaker/standardSurface1_Normal_OpenGL.png
  artifactKey: Guid(15ccaf84325c1c946bf4027258f8c8e7) Importer(815301076,1909f56bfc062723c751e8b465ee728b)
Start importing Assets/Meshes/PepperShaker/standardSurface1_Normal_OpenGL.png using Guid(15ccaf84325c1c946bf4027258f8c8e7) Importer(815301076,1909f56bfc062723c751e8b465ee728b)  -> (artifact id: '385da063c9f193c13db1af8f875d9953') in 0.018317 seconds
Number of updated asset objects reloaded before import = 0
Number of asset objects unloaded after import = 2
========================================================================
Received Import Request.
  Time since last request: 176.450890 seconds.
  path: Assets/Prefabs/Foods/PepperShaker Variant.prefab
  artifactKey: Guid(ce62b8d2538d8dc45ba093486d5e1bfa) Importer(815301076,1909f56bfc062723c751e8b465ee728b)
Start importing Assets/Prefabs/Foods/PepperShaker Variant.prefab using Guid(ce62b8d2538d8dc45ba093486d5e1bfa) Importer(815301076,1909f56bfc062723c751e8b465ee728b)  -> (artifact id: 'cbe8ff1280ea6d592a017483a5e3285a') in 0.011025 seconds
Number of updated asset objects reloaded before import = 0
Number of asset objects unloaded after import = 16
========================================================================
Received Import Request.
  Time since last request: 5.784273 seconds.
  path: Assets/Prefabs/Foods/PepperShaker.prefab
  artifactKey: Guid(ce62b8d2538d8dc45ba093486d5e1bfa) Importer(815301076,1909f56bfc062723c751e8b465ee728b)
Start importing Assets/Prefabs/Foods/PepperShaker.prefab using Guid(ce62b8d2538d8dc45ba093486d5e1bfa) Importer(815301076,1909f56bfc062723c751e8b465ee728b)  -> (artifact id: 'c3dabbd13b198c5c34086f9b4750a9e9') in 0.009006 seconds
Number of updated asset objects reloaded before import = 0
Number of asset objects unloaded after import = 16
========================================================================
Received Import Request.
  Time since last request: 4.332944 seconds.
  path: Assets/Prefabs/Foods/SaltShaker Variant.prefab
  artifactKey: Guid(9f1ec9a28b37ec24197c18c0ce99ae26) Importer(815301076,1909f56bfc062723c751e8b465ee728b)
Start importing Assets/Prefabs/Foods/SaltShaker Variant.prefab using Guid(9f1ec9a28b37ec24197c18c0ce99ae26) Importer(815301076,1909f56bfc062723c751e8b465ee728b)  -> (artifact id: '449600032d2314751f200f5597f76336') in 0.010069 seconds
Number of updated asset objects reloaded before import = 0
Number of asset objects unloaded after import = 16
========================================================================
Received Import Request.
  Time since last request: 4.379067 seconds.
  path: Assets/Prefabs/Foods/SaltShaker.prefab
  artifactKey: Guid(9f1ec9a28b37ec24197c18c0ce99ae26) Importer(815301076,1909f56bfc062723c751e8b465ee728b)
Start importing Assets/Prefabs/Foods/SaltShaker.prefab using Guid(9f1ec9a28b37ec24197c18c0ce99ae26) Importer(815301076,1909f56bfc062723c751e8b465ee728b)  -> (artifact id: '1fe444ef3a8fa12ea75360fa1471c7e3') in 0.009649 seconds
Number of updated asset objects reloaded before import = 0
Number of asset objects unloaded after import = 16
========================================================================
Received Import Request.
  Time since last request: 3.713848 seconds.
  path: Assets/Prefabs/Foods/PepperShaker.prefab
  artifactKey: Guid(ce62b8d2538d8dc45ba093486d5e1bfa) Importer(815301076,1909f56bfc062723c751e8b465ee728b)
Start importing Assets/Prefabs/Foods/PepperShaker.prefab using Guid(ce62b8d2538d8dc45ba093486d5e1bfa) Importer(815301076,1909f56bfc062723c751e8b465ee728b)  -> (artifact id: 'ea30782e0fb964f789d6b8a41d6909d7') in 0.040351 seconds
Number of updated asset objects reloaded before import = 0
Number of asset objects unloaded after import = 20
========================================================================
Received Import Request.
  Time since last request: 0.000023 seconds.
  path: Assets/Prefabs/Foods/SaltShaker.prefab
  artifactKey: Guid(9f1ec9a28b37ec24197c18c0ce99ae26) Importer(815301076,1909f56bfc062723c751e8b465ee728b)
Start importing Assets/Prefabs/Foods/SaltShaker.prefab using Guid(9f1ec9a28b37ec24197c18c0ce99ae26) Importer(815301076,1909f56bfc062723c751e8b465ee728b)  -> (artifact id: '6d0eaf6e5e2a1542aa8ad7b97da11536') in 0.074414 seconds
Number of updated asset objects reloaded before import = 0
Number of asset objects unloaded after import = 20
========================================================================
Received Import Request.
  Time since last request: 629.753095 seconds.
  path: Assets/Meshes/LPot.fbx
  artifactKey: Guid(81feef31c5af695488ed80fed68a71b5) Importer(815301076,1909f56bfc062723c751e8b465ee728b)
Start importing Assets/Meshes/LPot.fbx using Guid(81feef31c5af695488ed80fed68a71b5) Importer(815301076,1909f56bfc062723c751e8b465ee728b)  -> (artifact id: 'ae28669c318919eaea8cd5a889c8a219') in 0.023497 seconds
Number of updated asset objects reloaded before import = 0
Number of asset objects unloaded after import = 8
========================================================================
Received Import Request.
  Time since last request: 0.000025 seconds.
  path: Assets/Meshes/MPotHandle.fbx
  artifactKey: Guid(c1f7aa49d942fb747ab707ebf27426e6) Importer(815301076,1909f56bfc062723c751e8b465ee728b)
Start importing Assets/Meshes/MPotHandle.fbx using Guid(c1f7aa49d942fb747ab707ebf27426e6) Importer(815301076,1909f56bfc062723c751e8b465ee728b)  -> (artifact id: '547988164df421e918b8a5a9f655e939') in 0.019152 seconds
Number of updated asset objects reloaded before import = 0
Number of asset objects unloaded after import = 8
========================================================================
Received Import Request.
  Time since last request: 0.000020 seconds.
  path: Assets/Meshes/SPot.fbx
  artifactKey: Guid(09b8a4195662e9644bb4bb3b6166cd9f) Importer(815301076,1909f56bfc062723c751e8b465ee728b)
Start importing Assets/Meshes/SPot.fbx using Guid(09b8a4195662e9644bb4bb3b6166cd9f) Importer(815301076,1909f56bfc062723c751e8b465ee728b)  -> (artifact id: '4f6248fd457db6356e5d88c6fa1d6a26') in 0.017088 seconds
Number of updated asset objects reloaded before import = 0
Number of asset objects unloaded after import = 8
========================================================================
Received Import Request.
  Time since last request: 0.000017 seconds.
  path: Assets/Meshes/tile.jpg
  artifactKey: Guid(dfcae3836577c5b498615f865670fef3) Importer(815301076,1909f56bfc062723c751e8b465ee728b)
Start importing Assets/Meshes/tile.jpg using Guid(dfcae3836577c5b498615f865670fef3) Importer(815301076,1909f56bfc062723c751e8b465ee728b)  -> (artifact id: 'eb2720c0b1b74acb3767c8a01a55a9af') in 0.008744 seconds
Number of updated asset objects reloaded before import = 0
Number of asset objects unloaded after import = 2
========================================================================
Received Import Request.
  Time since last request: 0.000021 seconds.
  path: Assets/Meshes/SPotHandle.fbx
  artifactKey: Guid(39c2cdf464f1a8e4b99ca06a1ea2ef49) Importer(815301076,1909f56bfc062723c751e8b465ee728b)
Start importing Assets/Meshes/SPotHandle.fbx using Guid(39c2cdf464f1a8e4b99ca06a1ea2ef49) Importer(815301076,1909f56bfc062723c751e8b465ee728b)  -> (artifact id: '52c2dbee5b9445327505b94fbe4adbb2') in 0.018190 seconds
Number of updated asset objects reloaded before import = 0
Number of asset objects unloaded after import = 8
========================================================================
Received Import Request.
  Time since last request: 0.000013 seconds.
  path: Assets/Meshes/MPot.fbx
  artifactKey: Guid(ef5b241ed65f2e14e9544c2bd53b8224) Importer(815301076,1909f56bfc062723c751e8b465ee728b)
Start importing Assets/Meshes/MPot.fbx using Guid(ef5b241ed65f2e14e9544c2bd53b8224) Importer(815301076,1909f56bfc062723c751e8b465ee728b)  -> (artifact id: '42dee22a0e1a9ee7e1a56dc14f92cc15') in 0.021073 seconds
Number of updated asset objects reloaded before import = 0
Number of asset objects unloaded after import = 8
========================================================================
Received Import Request.
  Time since last request: 0.000015 seconds.
  path: Assets/Meshes/LPotHandle.fbx
  artifactKey: Guid(09cab43edd3b15441918407351d4f13b) Importer(815301076,1909f56bfc062723c751e8b465ee728b)
Start importing Assets/Meshes/LPotHandle.fbx using Guid(09cab43edd3b15441918407351d4f13b) Importer(815301076,1909f56bfc062723c751e8b465ee728b)  -> (artifact id: '2fb94b041673db37e8dc9e4e19eb223d') in 0.017607 seconds
Number of updated asset objects reloaded before import = 0
Number of asset objects unloaded after import = 8
========================================================================
Received Import Request.
  Time since last request: 282.262173 seconds.
  path: Assets/Meshes/Pots
  artifactKey: Guid(b0010aac2f9f37f488a51ba5ee382d28) Importer(815301076,1909f56bfc062723c751e8b465ee728b)
Start importing Assets/Meshes/Pots using Guid(b0010aac2f9f37f488a51ba5ee382d28) Importer(815301076,1909f56bfc062723c751e8b465ee728b)  -> (artifact id: '29be3d2f69cdc5f6e60b1f1246ff62fa') in 0.000740 seconds
Number of updated asset objects reloaded before import = 0
Number of asset objects unloaded after import = 0
========================================================================
Received Import Request.
  Time since last request: 94.590031 seconds.
  path: Assets/Prefabs/Pots
  artifactKey: Guid(3d540b88e9a33fb4d9f1bfb890f32a63) Importer(815301076,1909f56bfc062723c751e8b465ee728b)
Start importing Assets/Prefabs/Pots using Guid(3d540b88e9a33fb4d9f1bfb890f32a63) Importer(815301076,1909f56bfc062723c751e8b465ee728b)  -> (artifact id: 'ad5b8ae6baa67a3779e13af04d7556cf') in 0.001098 seconds
Number of updated asset objects reloaded before import = 0
Number of asset objects unloaded after import = 0
========================================================================
Received Import Request.
  Time since last request: 14.340087 seconds.
  path: Assets/Prefabs/Pots/PepperShaker.prefab
  artifactKey: Guid(159718d303538a94b92e93f803a61d0c) Importer(815301076,1909f56bfc062723c751e8b465ee728b)
Start importing Assets/Prefabs/Pots/PepperShaker.prefab using Guid(159718d303538a94b92e93f803a61d0c) Importer(815301076,1909f56bfc062723c751e8b465ee728b)  -> (artifact id: '8e1df12cec3e2d4f03802c00001d42b4') in 0.064774 seconds
Number of updated asset objects reloaded before import = 0
Number of asset objects unloaded after import = 20
========================================================================
Received Import Request.
  Time since last request: 25.407476 seconds.
  path: Assets/Prefabs/Pots/LPot Variant.prefab
  artifactKey: Guid(adac476b98710894cb4716d931d11dd4) Importer(815301076,1909f56bfc062723c751e8b465ee728b)
Start importing Assets/Prefabs/Pots/LPot Variant.prefab using Guid(adac476b98710894cb4716d931d11dd4) Importer(815301076,1909f56bfc062723c751e8b465ee728b)  -> (artifact id: 'd556c9050d41702c3117a936c7e221d1') in 0.009242 seconds
Number of updated asset objects reloaded before import = 0
Number of asset objects unloaded after import = 15
========================================================================
Received Import Request.
  Time since last request: 6.024763 seconds.
  path: Assets/Prefabs/Pots/LPot.prefab
  artifactKey: Guid(adac476b98710894cb4716d931d11dd4) Importer(815301076,1909f56bfc062723c751e8b465ee728b)
Start importing Assets/Prefabs/Pots/LPot.prefab using Guid(adac476b98710894cb4716d931d11dd4) Importer(815301076,1909f56bfc062723c751e8b465ee728b)  -> (artifact id: 'e3a07d4277c78931ba20d5278315818e') in 0.008786 seconds
Number of updated asset objects reloaded before import = 0
Number of asset objects unloaded after import = 15
========================================================================
Received Import Request.
  Time since last request: 4.378670 seconds.
  path: Assets/Prefabs/Pots/LPotHandle Variant.prefab
  artifactKey: Guid(9a9007f924a26964fbc2e9e0ed4058fe) Importer(815301076,1909f56bfc062723c751e8b465ee728b)
Start importing Assets/Prefabs/Pots/LPotHandle Variant.prefab using Guid(9a9007f924a26964fbc2e9e0ed4058fe) Importer(815301076,1909f56bfc062723c751e8b465ee728b)  -> (artifact id: 'd025242fa0deaf49b975732cf68bfaea') in 0.010325 seconds
Number of updated asset objects reloaded before import = 0
Number of asset objects unloaded after import = 15
========================================================================
Received Import Request.
  Time since last request: 8.614623 seconds.
  path: Assets/Prefabs/Pots/LPotHandle.prefab
  artifactKey: Guid(9a9007f924a26964fbc2e9e0ed4058fe) Importer(815301076,1909f56bfc062723c751e8b465ee728b)
Start importing Assets/Prefabs/Pots/LPotHandle.prefab using Guid(9a9007f924a26964fbc2e9e0ed4058fe) Importer(815301076,1909f56bfc062723c751e8b465ee728b)  -> (artifact id: '421599779788fdf3a1fef11b6ee5a183') in 0.009617 seconds
Number of updated asset objects reloaded before import = 0
Number of asset objects unloaded after import = 15
========================================================================
Received Import Request.
  Time since last request: 5.232336 seconds.
  path: Assets/Prefabs/Pots/MPot Variant.prefab
  artifactKey: Guid(07964498e646a7d45b2d89c8dbf3d559) Importer(815301076,1909f56bfc062723c751e8b465ee728b)
Start importing Assets/Prefabs/Pots/MPot Variant.prefab using Guid(07964498e646a7d45b2d89c8dbf3d559) Importer(815301076,1909f56bfc062723c751e8b465ee728b)  -> (artifact id: '9cb8b01cdd4975ddfedb9917b35ceb5e') in 0.011140 seconds
Number of updated asset objects reloaded before import = 0
Number of asset objects unloaded after import = 15
========================================================================
Received Import Request.
  Time since last request: 5.476844 seconds.
  path: Assets/Prefabs/Pots/MPot.prefab
  artifactKey: Guid(07964498e646a7d45b2d89c8dbf3d559) Importer(815301076,1909f56bfc062723c751e8b465ee728b)
Start importing Assets/Prefabs/Pots/MPot.prefab using Guid(07964498e646a7d45b2d89c8dbf3d559) Importer(815301076,1909f56bfc062723c751e8b465ee728b)  -> (artifact id: '4b8e7b67b4dacdf3adb51b342b34b575') in 0.010956 seconds
Number of updated asset objects reloaded before import = 0
Number of asset objects unloaded after import = 15
========================================================================
Received Import Request.
  Time since last request: 4.557848 seconds.
  path: Assets/Prefabs/Pots/MPotHandle Variant.prefab
  artifactKey: Guid(9a45a9089fb416b43893416096cab3e0) Importer(815301076,1909f56bfc062723c751e8b465ee728b)
Start importing Assets/Prefabs/Pots/MPotHandle Variant.prefab using Guid(9a45a9089fb416b43893416096cab3e0) Importer(815301076,1909f56bfc062723c751e8b465ee728b)  -> (artifact id: '92fa7e87b631e6567606cd2e3a4e0110') in 0.009188 seconds
Number of updated asset objects reloaded before import = 0
Number of asset objects unloaded after import = 15
========================================================================
Received Import Request.
  Time since last request: 6.341866 seconds.
  path: Assets/Prefabs/Pots/MPotHandle.prefab
  artifactKey: Guid(9a45a9089fb416b43893416096cab3e0) Importer(815301076,1909f56bfc062723c751e8b465ee728b)
Start importing Assets/Prefabs/Pots/MPotHandle.prefab using Guid(9a45a9089fb416b43893416096cab3e0) Importer(815301076,1909f56bfc062723c751e8b465ee728b)  -> (artifact id: 'e8bac192dbf17126d63c67c8784fc0cb') in 0.007625 seconds
Number of updated asset objects reloaded before import = 0
Number of asset objects unloaded after import = 15
========================================================================
Received Import Request.
  Time since last request: 3.882867 seconds.
  path: Assets/Prefabs/Pots/SPot Variant.prefab
  artifactKey: Guid(21678d1311b8dfd439192d9c41cc9c84) Importer(815301076,1909f56bfc062723c751e8b465ee728b)
Start importing Assets/Prefabs/Pots/SPot Variant.prefab using Guid(21678d1311b8dfd439192d9c41cc9c84) Importer(815301076,1909f56bfc062723c751e8b465ee728b)  -> (artifact id: 'ea19769852b1ffe417e7c32945c0abb2') in 0.009518 seconds
Number of updated asset objects reloaded before import = 0
Number of asset objects unloaded after import = 15
========================================================================
Received Import Request.
  Time since last request: 6.635400 seconds.
  path: Assets/Prefabs/Pots/SPot.prefab
  artifactKey: Guid(21678d1311b8dfd439192d9c41cc9c84) Importer(815301076,1909f56bfc062723c751e8b465ee728b)
Start importing Assets/Prefabs/Pots/SPot.prefab using Guid(21678d1311b8dfd439192d9c41cc9c84) Importer(815301076,1909f56bfc062723c751e8b465ee728b)  -> (artifact id: '60be9f739824c942631a991270c33212') in 0.007877 seconds
Number of updated asset objects reloaded before import = 0
Number of asset objects unloaded after import = 15
========================================================================
Received Import Request.
  Time since last request: 4.566241 seconds.
  path: Assets/Prefabs/Pots/SPotHandle Variant.prefab
  artifactKey: Guid(f2dcf028d28dd5748927c07efa0133d1) Importer(815301076,1909f56bfc062723c751e8b465ee728b)
Start importing Assets/Prefabs/Pots/SPotHandle Variant.prefab using Guid(f2dcf028d28dd5748927c07efa0133d1) Importer(815301076,1909f56bfc062723c751e8b465ee728b)  -> (artifact id: 'cc7b1fa6d4449f2eb233e729f5b08c64') in 0.010192 seconds
Number of updated asset objects reloaded before import = 0
Number of asset objects unloaded after import = 15
========================================================================
Received Import Request.
  Time since last request: 7.520635 seconds.
  path: Assets/Prefabs/Pots/SPotHandle.prefab
  artifactKey: Guid(f2dcf028d28dd5748927c07efa0133d1) Importer(815301076,1909f56bfc062723c751e8b465ee728b)
Start importing Assets/Prefabs/Pots/SPotHandle.prefab using Guid(f2dcf028d28dd5748927c07efa0133d1) Importer(815301076,1909f56bfc062723c751e8b465ee728b)  -> (artifact id: '0bdc2f3565dec63cc751fa0894a48602') in 0.009391 seconds
Number of updated asset objects reloaded before import = 0
Number of asset objects unloaded after import = 15
========================================================================
Received Import Request.
  Time since last request: 43.626262 seconds.
  path: Assets/Prefabs/Pots/New Material.mat
  artifactKey: Guid(768dbf38fe6934046a171ced9c000fe1) Importer(815301076,1909f56bfc062723c751e8b465ee728b)
Start importing Assets/Prefabs/Pots/New Material.mat using Guid(768dbf38fe6934046a171ced9c000fe1) Importer(815301076,1909f56bfc062723c751e8b465ee728b)  -> (artifact id: '9ce8b1842ac0d3851df5c9f22682d41f') in 0.009569 seconds
Number of updated asset objects reloaded before import = 0
Number of asset objects unloaded after import = 1
========================================================================
Received Import Request.
  Time since last request: 1.092780 seconds.
  path: Assets/Prefabs/Pots/SPot.prefab
  artifactKey: Guid(21678d1311b8dfd439192d9c41cc9c84) Importer(815301076,1909f56bfc062723c751e8b465ee728b)
Start importing Assets/Prefabs/Pots/SPot.prefab using Guid(21678d1311b8dfd439192d9c41cc9c84) Importer(815301076,1909f56bfc062723c751e8b465ee728b)  -> (artifact id: 'a48b98c3cbb629ed4c90262fbdd366ee') in 0.010076 seconds
Number of updated asset objects reloaded before import = 0
Number of asset objects unloaded after import = 16
========================================================================
Received Import Request.
  Time since last request: 0.893911 seconds.
  path: Assets/Prefabs/Pots/SPotHandle.prefab
  artifactKey: Guid(f2dcf028d28dd5748927c07efa0133d1) Importer(815301076,1909f56bfc062723c751e8b465ee728b)
Start importing Assets/Prefabs/Pots/SPotHandle.prefab using Guid(f2dcf028d28dd5748927c07efa0133d1) Importer(815301076,1909f56bfc062723c751e8b465ee728b)  -> (artifact id: 'b41eeb2d1b810f10ad1ad8cd9e7485fc') in 0.009677 seconds
Number of updated asset objects reloaded before import = 0
Number of asset objects unloaded after import = 16
========================================================================
Received Import Request.
  Time since last request: 0.750563 seconds.
  path: Assets/Prefabs/Pots/MPotHandle.prefab
  artifactKey: Guid(9a45a9089fb416b43893416096cab3e0) Importer(815301076,1909f56bfc062723c751e8b465ee728b)
Start importing Assets/Prefabs/Pots/MPotHandle.prefab using Guid(9a45a9089fb416b43893416096cab3e0) Importer(815301076,1909f56bfc062723c751e8b465ee728b)  -> (artifact id: '58c1e005bee63c26ee50a97af69394ad') in 0.008844 seconds
Number of updated asset objects reloaded before import = 0
Number of asset objects unloaded after import = 16
========================================================================
Received Import Request.
  Time since last request: 0.718575 seconds.
  path: Assets/Prefabs/Pots/MPot.prefab
  artifactKey: Guid(07964498e646a7d45b2d89c8dbf3d559) Importer(815301076,1909f56bfc062723c751e8b465ee728b)
Start importing Assets/Prefabs/Pots/MPot.prefab using Guid(07964498e646a7d45b2d89c8dbf3d559) Importer(815301076,1909f56bfc062723c751e8b465ee728b)  -> (artifact id: '1f200d285ba530545c537cb569d5e1ee') in 0.010109 seconds
Number of updated asset objects reloaded before import = 0
Number of asset objects unloaded after import = 16
========================================================================
Received Import Request.
  Time since last request: 0.713710 seconds.
  path: Assets/Prefabs/Pots/LPotHandle.prefab
  artifactKey: Guid(9a9007f924a26964fbc2e9e0ed4058fe) Importer(815301076,1909f56bfc062723c751e8b465ee728b)
Start importing Assets/Prefabs/Pots/LPotHandle.prefab using Guid(9a9007f924a26964fbc2e9e0ed4058fe) Importer(815301076,1909f56bfc062723c751e8b465ee728b)  -> (artifact id: '28ee67fc0b0ea8e957f0f81ca204fa00') in 0.010127 seconds
Number of updated asset objects reloaded before import = 0
Number of asset objects unloaded after import = 16
========================================================================
Received Import Request.
  Time since last request: 0.984271 seconds.
  path: Assets/Prefabs/Pots/LPot.prefab
  artifactKey: Guid(adac476b98710894cb4716d931d11dd4) Importer(815301076,1909f56bfc062723c751e8b465ee728b)
Start importing Assets/Prefabs/Pots/LPot.prefab using Guid(adac476b98710894cb4716d931d11dd4) Importer(815301076,1909f56bfc062723c751e8b465ee728b)  -> (artifact id: '858dda799e5e3952cfea8aad4c6f16e6') in 0.009419 seconds
Number of updated asset objects reloaded before import = 0
Number of asset objects unloaded after import = 16
========================================================================
Received Import Request.
  Time since last request: 30.151193 seconds.
  path: Assets/Prefabs/Pots/LPot.prefab
  artifactKey: Guid(adac476b98710894cb4716d931d11dd4) Importer(815301076,1909f56bfc062723c751e8b465ee728b)
Start importing Assets/Prefabs/Pots/LPot.prefab using Guid(adac476b98710894cb4716d931d11dd4) Importer(815301076,1909f56bfc062723c751e8b465ee728b)  -> (artifact id: 'c5cfe0f6cf1ff9979de9a36ed23d6b3e') in 0.009672 seconds
Number of updated asset objects reloaded before import = 0
Number of asset objects unloaded after import = 16
========================================================================
Received Import Request.
  Time since last request: 0.000018 seconds.
  path: Assets/Prefabs/Pots/LPotHandle.prefab
  artifactKey: Guid(9a9007f924a26964fbc2e9e0ed4058fe) Importer(815301076,1909f56bfc062723c751e8b465ee728b)
Start importing Assets/Prefabs/Pots/LPotHandle.prefab using Guid(9a9007f924a26964fbc2e9e0ed4058fe) Importer(815301076,1909f56bfc062723c751e8b465ee728b)  -> (artifact id: '7134140b9e6878a903d9afb04dc03e57') in 0.008651 seconds
Number of updated asset objects reloaded before import = 0
Number of asset objects unloaded after import = 16
========================================================================
Received Import Request.
  Time since last request: 0.000020 seconds.
  path: Assets/Prefabs/Pots/New Material.mat
  artifactKey: Guid(768dbf38fe6934046a171ced9c000fe1) Importer(815301076,1909f56bfc062723c751e8b465ee728b)
Start importing Assets/Prefabs/Pots/New Material.mat using Guid(768dbf38fe6934046a171ced9c000fe1) Importer(815301076,1909f56bfc062723c751e8b465ee728b)  -> (artifact id: '42306b0fe28da325017a7b6150e0783d') in 0.008715 seconds
Number of updated asset objects reloaded before import = 0
Number of asset objects unloaded after import = 1
========================================================================
Received Import Request.
  Time since last request: 0.000017 seconds.
  path: Assets/Prefabs/Pots/MPot.prefab
  artifactKey: Guid(07964498e646a7d45b2d89c8dbf3d559) Importer(815301076,1909f56bfc062723c751e8b465ee728b)
Start importing Assets/Prefabs/Pots/MPot.prefab using Guid(07964498e646a7d45b2d89c8dbf3d559) Importer(815301076,1909f56bfc062723c751e8b465ee728b)  -> (artifact id: '77e0f15d7715be349f53da1a4fc62fea') in 0.009498 seconds
Number of updated asset objects reloaded before import = 0
Number of asset objects unloaded after import = 16
========================================================================
Received Import Request.
  Time since last request: 0.000022 seconds.
  path: Assets/Prefabs/Pots/SPotHandle.prefab
  artifactKey: Guid(f2dcf028d28dd5748927c07efa0133d1) Importer(815301076,1909f56bfc062723c751e8b465ee728b)
Start importing Assets/Prefabs/Pots/SPotHandle.prefab using Guid(f2dcf028d28dd5748927c07efa0133d1) Importer(815301076,1909f56bfc062723c751e8b465ee728b)  -> (artifact id: 'a1c70d6c8ec216ab45f622206d14bf4d') in 0.009026 seconds
Number of updated asset objects reloaded before import = 0
Number of asset objects unloaded after import = 16
========================================================================
Received Import Request.
  Time since last request: 0.000016 seconds.
  path: Assets/Prefabs/Pots/MPotHandle.prefab
  artifactKey: Guid(9a45a9089fb416b43893416096cab3e0) Importer(815301076,1909f56bfc062723c751e8b465ee728b)
Start importing Assets/Prefabs/Pots/MPotHandle.prefab using Guid(9a45a9089fb416b43893416096cab3e0) Importer(815301076,1909f56bfc062723c751e8b465ee728b)  -> (artifact id: 'd256de37cfa1938f549331bde8bb7e62') in 0.009217 seconds
Number of updated asset objects reloaded before import = 0
Number of asset objects unloaded after import = 16
========================================================================
Received Import Request.
  Time since last request: 0.000023 seconds.
  path: Assets/Prefabs/Pots/SPot.prefab
  artifactKey: Guid(21678d1311b8dfd439192d9c41cc9c84) Importer(815301076,1909f56bfc062723c751e8b465ee728b)
Start importing Assets/Prefabs/Pots/SPot.prefab using Guid(21678d1311b8dfd439192d9c41cc9c84) Importer(815301076,1909f56bfc062723c751e8b465ee728b)  -> (artifact id: 'ed3e50562f0a31ad654403d66035491a') in 0.010033 seconds
Number of updated asset objects reloaded before import = 0
Number of asset objects unloaded after import = 16
========================================================================
Received Import Request.
  Time since last request: 7.413964 seconds.
  path: Assets/Prefabs/Pots/LPot.prefab
  artifactKey: Guid(adac476b98710894cb4716d931d11dd4) Importer(815301076,1909f56bfc062723c751e8b465ee728b)
Start importing Assets/Prefabs/Pots/LPot.prefab using Guid(adac476b98710894cb4716d931d11dd4) Importer(815301076,1909f56bfc062723c751e8b465ee728b)  -> (artifact id: '5d95c3f6ae2ef95d5750648c28d6e0b9') in 0.008373 seconds
Number of updated asset objects reloaded before import = 0
Number of asset objects unloaded after import = 16
========================================================================
Received Import Request.
  Time since last request: 0.000020 seconds.
  path: Assets/Prefabs/Pots/LPotHandle.prefab
  artifactKey: Guid(9a9007f924a26964fbc2e9e0ed4058fe) Importer(815301076,1909f56bfc062723c751e8b465ee728b)
Start importing Assets/Prefabs/Pots/LPotHandle.prefab using Guid(9a9007f924a26964fbc2e9e0ed4058fe) Importer(815301076,1909f56bfc062723c751e8b465ee728b)  -> (artifact id: '92892bafc35d7476e992339ef183c4cb') in 0.008950 seconds
Number of updated asset objects reloaded before import = 0
Number of asset objects unloaded after import = 16
========================================================================
Received Import Request.
  Time since last request: 0.000019 seconds.
  path: Assets/Prefabs/Pots/M_Pot.mat
  artifactKey: Guid(768dbf38fe6934046a171ced9c000fe1) Importer(815301076,1909f56bfc062723c751e8b465ee728b)
Start importing Assets/Prefabs/Pots/M_Pot.mat using Guid(768dbf38fe6934046a171ced9c000fe1) Importer(815301076,1909f56bfc062723c751e8b465ee728b)  -> (artifact id: 'fdc34471b36a0171deeaba41976fd9f8') in 0.007879 seconds
Number of updated asset objects reloaded before import = 0
Number of asset objects unloaded after import = 1
========================================================================
Received Import Request.
  Time since last request: 0.000017 seconds.
  path: Assets/Prefabs/Pots/MPot.prefab
  artifactKey: Guid(07964498e646a7d45b2d89c8dbf3d559) Importer(815301076,1909f56bfc062723c751e8b465ee728b)
Start importing Assets/Prefabs/Pots/MPot.prefab using Guid(07964498e646a7d45b2d89c8dbf3d559) Importer(815301076,1909f56bfc062723c751e8b465ee728b)  -> (artifact id: 'fe882cebbbea94a4a19e1d402002e434') in 0.008076 seconds
Number of updated asset objects reloaded before import = 0
Number of asset objects unloaded after import = 16
========================================================================
Received Import Request.
  Time since last request: 0.000016 seconds.
  path: Assets/Prefabs/Pots/SPotHandle.prefab
  artifactKey: Guid(f2dcf028d28dd5748927c07efa0133d1) Importer(815301076,1909f56bfc062723c751e8b465ee728b)
Start importing Assets/Prefabs/Pots/SPotHandle.prefab using Guid(f2dcf028d28dd5748927c07efa0133d1) Importer(815301076,1909f56bfc062723c751e8b465ee728b)  -> (artifact id: 'a380f519f9e7c02561359da8952be5ad') in 0.009331 seconds
Number of updated asset objects reloaded before import = 0
Number of asset objects unloaded after import = 16
========================================================================
Received Import Request.
  Time since last request: 0.000021 seconds.
  path: Assets/Prefabs/Pots/MPotHandle.prefab
  artifactKey: Guid(9a45a9089fb416b43893416096cab3e0) Importer(815301076,1909f56bfc062723c751e8b465ee728b)
Start importing Assets/Prefabs/Pots/MPotHandle.prefab using Guid(9a45a9089fb416b43893416096cab3e0) Importer(815301076,1909f56bfc062723c751e8b465ee728b)  -> (artifact id: '5309baf3bfcd791753b7bba4ae54720f') in 0.008220 seconds
Number of updated asset objects reloaded before import = 0
Number of asset objects unloaded after import = 16
========================================================================
Received Import Request.
  Time since last request: 0.000019 seconds.
  path: Assets/Prefabs/Pots/SPot.prefab
  artifactKey: Guid(21678d1311b8dfd439192d9c41cc9c84) Importer(815301076,1909f56bfc062723c751e8b465ee728b)
Start importing Assets/Prefabs/Pots/SPot.prefab using Guid(21678d1311b8dfd439192d9c41cc9c84) Importer(815301076,1909f56bfc062723c751e8b465ee728b)  -> (artifact id: '2d583986f7b9b1a9359276f76e813282') in 0.009172 seconds
Number of updated asset objects reloaded before import = 0
Number of asset objects unloaded after import = 16
========================================================================
Received Import Request.
  Time since last request: 208.729197 seconds.
  path: Assets/Prefabs/Player
  artifactKey: Guid(3c05f647ced92b8469524acde5b8ba7e) Importer(815301076,1909f56bfc062723c751e8b465ee728b)
Start importing Assets/Prefabs/Player using Guid(3c05f647ced92b8469524acde5b8ba7e) Importer(815301076,1909f56bfc062723c751e8b465ee728b)  -> (artifact id: '99ae34645a977732c6056a297ed8002c') in 0.001169 seconds
Number of updated asset objects reloaded before import = 0
Number of asset objects unloaded after import = 0
========================================================================
Received Import Request.
  Time since last request: 21.958063 seconds.
  path: Assets/Prefabs/Player/ChefV2StrafeRight.fbx
  artifactKey: Guid(699badf4b01d9d44a8c403c61910cdea) Importer(815301076,1909f56bfc062723c751e8b465ee728b)
Start importing Assets/Prefabs/Player/ChefV2StrafeRight.fbx using Guid(699badf4b01d9d44a8c403c61910cdea) Importer(815301076,1909f56bfc062723c751e8b465ee728b)  -> (artifact id: '384c011e5e5162d5262f6a5336a53a35') in 0.434322 seconds
Number of updated asset objects reloaded before import = 0
Number of asset objects unloaded after import = 298
========================================================================
Received Import Request.
  Time since last request: 0.000021 seconds.
  path: Assets/Prefabs/Player/ChefV2JogBackwards.fbx
  artifactKey: Guid(2f07f21e998d5804582264753ca0b250) Importer(815301076,1909f56bfc062723c751e8b465ee728b)
Start importing Assets/Prefabs/Player/ChefV2JogBackwards.fbx using Guid(2f07f21e998d5804582264753ca0b250) Importer(815301076,1909f56bfc062723c751e8b465ee728b)  -> (artifact id: '918fb075878db4298a0ceb4f5905d58c') in 0.275058 seconds
Number of updated asset objects reloaded before import = 0
Number of asset objects unloaded after import = 298
========================================================================
Received Import Request.
  Time since last request: 0.000026 seconds.
  path: Assets/Prefabs/Player/ChefV2StrafeLeft.fbx
  artifactKey: Guid(2dba2e266aafbb7429d84d42f8ad04fb) Importer(815301076,1909f56bfc062723c751e8b465ee728b)
Start importing Assets/Prefabs/Player/ChefV2StrafeLeft.fbx using Guid(2dba2e266aafbb7429d84d42f8ad04fb) Importer(815301076,1909f56bfc062723c751e8b465ee728b)  -> (artifact id: 'bfda9a3a721fd56e765ef69c8937338e') in 0.262683 seconds
Number of updated asset objects reloaded before import = 0
Number of asset objects unloaded after import = 298
========================================================================
Received Import Request.
  Time since last request: 0.000023 seconds.
  path: Assets/Prefabs/Player/ChefV2Forward Run.fbx
  artifactKey: Guid(62d7392e9a18be648a4671b7cfafd625) Importer(815301076,1909f56bfc062723c751e8b465ee728b)
Start importing Assets/Prefabs/Player/ChefV2Forward Run.fbx using Guid(62d7392e9a18be648a4671b7cfafd625) Importer(815301076,1909f56bfc062723c751e8b465ee728b)  -> (artifact id: '0eca863ff932b3897b44f0f28fae2c61') in 0.259133 seconds
Number of updated asset objects reloaded before import = 0
Number of asset objects unloaded after import = 298
========================================================================
Received Import Request.
  Time since last request: 0.000023 seconds.
  path: Assets/Prefabs/Player/ChefV2Idle.fbx
  artifactKey: Guid(cfe1d666299187a42b0662bd2961f135) Importer(815301076,1909f56bfc062723c751e8b465ee728b)
Start importing Assets/Prefabs/Player/ChefV2Idle.fbx using Guid(cfe1d666299187a42b0662bd2961f135) Importer(815301076,1909f56bfc062723c751e8b465ee728b)  -> (artifact id: '490dcc9516f88437ab76087e43c96ddd') in 0.268506 seconds
Number of updated asset objects reloaded before import = 0
Number of asset objects unloaded after import = 298
========================================================================
Received Import Request.
  Time since last request: 0.000023 seconds.
  path: Assets/Prefabs/Player/ChefV2Dance.fbx
  artifactKey: Guid(eb688064a3c08f04bac228b3c5153831) Importer(815301076,1909f56bfc062723c751e8b465ee728b)
Start importing Assets/Prefabs/Player/ChefV2Dance.fbx using Guid(eb688064a3c08f04bac228b3c5153831) Importer(815301076,1909f56bfc062723c751e8b465ee728b)  -> (artifact id: '15e1a85e0bfd1a2aa2b7798c3746a2a3') in 0.268435 seconds
Number of updated asset objects reloaded before import = 0
Number of asset objects unloaded after import = 298
========================================================================
Received Import Request.
  Time since last request: 63.862401 seconds.
  path: Assets/Prefabs/Player/ChefV2Idle Variant.prefab
  artifactKey: Guid(f83aaa5578028474b8a99e7e3205a45c) Importer(815301076,1909f56bfc062723c751e8b465ee728b)
Start importing Assets/Prefabs/Player/ChefV2Idle Variant.prefab using Guid(f83aaa5578028474b8a99e7e3205a45c) Importer(815301076,1909f56bfc062723c751e8b465ee728b)  -> (artifact id: '8162e124ab7424de8954bf736b8a8d56') in 0.026448 seconds
Number of updated asset objects reloaded before import = 0
Number of asset objects unloaded after import = 558
========================================================================
Received Import Request.
  Time since last request: 11.008663 seconds.
  path: Assets/Prefabs/Player/PlayerPreFab.prefab
  artifactKey: Guid(f83aaa5578028474b8a99e7e3205a45c) Importer(815301076,1909f56bfc062723c751e8b465ee728b)
Start importing Assets/Prefabs/Player/PlayerPreFab.prefab using Guid(f83aaa5578028474b8a99e7e3205a45c) Importer(815301076,1909f56bfc062723c751e8b465ee728b)  -> (artifact id: '91e39d7a59376be426436c543fd4dc93') in 0.024866 seconds
Number of updated asset objects reloaded before import = 0
Number of asset objects unloaded after import = 558
========================================================================
Received Import Request.
  Time since last request: 11.281041 seconds.
  path: Assets/Prefabs/Player/PlayerPreFab.prefab
  artifactKey: Guid(f83aaa5578028474b8a99e7e3205a45c) Importer(815301076,1909f56bfc062723c751e8b465ee728b)
Start importing Assets/Prefabs/Player/PlayerPreFab.prefab using Guid(f83aaa5578028474b8a99e7e3205a45c) Importer(815301076,1909f56bfc062723c751e8b465ee728b)  -> (artifact id: 'dff71e2beda392680c49183772b6a48b') in 0.055282 seconds
Internal: There are remaining Allocations on the JobTempAlloc. This is a leak, and will impact performance
To Debug, run app with -diag-job-temp-memory-leak-validation cmd line argument. This will output the callstacks of the leaked allocations.
Number of updated asset objects reloaded before import = 0
Number of asset objects unloaded after import = 573
========================================================================
Received Import Request.
  Time since last request: 4.059307 seconds.
  path: Assets/Prefabs/Player/Chef.controller
  artifactKey: Guid(524d41fd5d29ff64fb8363829bae27d5) Importer(815301076,1909f56bfc062723c751e8b465ee728b)
Start importing Assets/Prefabs/Player/Chef.controller using Guid(524d41fd5d29ff64fb8363829bae27d5) Importer(815301076,1909f56bfc062723c751e8b465ee728b)  -> (artifact id: 'f6e56f54d40bb71e9f13a2733e4dac53') in 0.004735 seconds
Internal: There are remaining Allocations on the JobTempAlloc. This is a leak, and will impact performance
To Debug, run app with -diag-job-temp-memory-leak-validation cmd line argument. This will output the callstacks of the leaked allocations.
Number of updated asset objects reloaded before import = 0
Number of asset objects unloaded after import = 14
========================================================================
Received Prepare
Begin MonoManager ReloadAssembly
- Loaded All Assemblies, in  1.627 seconds
Refreshing native plugins compatible for Editor in 6.90 ms, found 3 plugins.
Native extension for WindowsStandalone target not found
Mono: successfully reloaded assembly
- Finished resetting the current domain, in  1.976 seconds
Domain Reload Profiling: 3599ms
	BeginReloadAssembly (288ms)
		ExecutionOrderSort (0ms)
		DisableScriptedObjects (7ms)
		BackupInstance (0ms)
		ReleaseScriptingObjects (0ms)
		CreateAndSetChildDomain (90ms)
	RebuildCommonClasses (36ms)
	RebuildNativeTypeToScriptingClass (12ms)
	initialDomainReloadingComplete (35ms)
	LoadAllAssembliesAndSetupDomain (1251ms)
		LoadAssemblies (1017ms)
		RebuildTransferFunctionScriptingTraits (0ms)
		AnalyzeDomain (361ms)
			TypeCache.Refresh (354ms)
				TypeCache.ScanAssembly (314ms)
			ScanForSourceGeneratedMonoScriptInfo (0ms)
			ResolveRequiredComponents (6ms)
	FinalizeReload (1977ms)
		ReleaseScriptCaches (0ms)
		RebuildScriptCaches (0ms)
		SetupLoadedEditorAssemblies (415ms)
			LogAssemblyErrors (0ms)
			InitializePlatformSupportModulesInManaged (6ms)
			SetLoadedEditorAssemblies (7ms)
			RefreshPlugins (0ms)
			BeforeProcessingInitializeOnLoad (78ms)
			ProcessInitializeOnLoadAttributes (292ms)
			ProcessInitializeOnLoadMethodAttributes (28ms)
			AfterProcessingInitializeOnLoad (4ms)
			EditorAssembliesLoaded (0ms)
		ExecutionOrderSort2 (0ms)
		AwakeInstancesAfterBackupRestoration (9ms)
Refreshing native plugins compatible for Editor in 8.46 ms, found 3 plugins.
Preloading 0 native plugins for Editor in 0.00 ms.
Unloading 3661 Unused Serialized files (Serialized files now loaded: 0)
Unloading 25 unused Assets / (167.0 KB). Loaded Objects now: 4249.
Memory consumption went from 149.9 MB to 149.7 MB.
Total: 5.061300 ms (FindLiveObjects: 0.402400 ms CreateObjectMapping: 0.100100 ms MarkObjects: 4.378900 ms  DeleteObjects: 0.178900 ms)

Prepare: number of updated asset objects reloaded= 0
AssetImportParameters requested are different than current active one (requested -> active):
  custom:container-demuxer-ogg: 62fdf1f143b41e24485cea50d1cbac27 -> 
  custom:video-decoder-ogg-theora: a1e56fd34408186e4bbccfd4996cb3dc -> 
  custom:framework-win-MediaFoundation: 216162199b28c13a410421893ffa2e32 -> 
  custom:CustomObjectIndexerAttribute: 756ad292c208cfabdd7b50bc23989ffe -> 
  custom:container-demuxer-webm: 4f35f7cbe854078d1ac9338744f61a02 -> 
  custom:container-muxer-webm: aa71ff27fc2769a1b78a27578f13a17b -> 
  custom:video-decoder-webm-vp8: 9c59270c3fd7afecdb556c50c9e8de78 -> 
  custom:AudioImporter_EditorPlatform: d09bf68614088b80899f8185d706f6e7 -> 
  custom:video-encoder-webm-vp8: eb34c28f22e8b96e1ab97ce403110664 -> 
  custom:audio-decoder-ogg-vorbis: bf7c407c2cedff20999df2af8eb42d56 -> 
  custom:audio-encoder-webm-vorbis: bf7c407c2cedff20999df2af8eb42d56 -> 
========================================================================
Received Import Request.
  Time since last request: 101.427226 seconds.
  path: Assets/Prefabs/Player/PlayerPreFab.prefab
  artifactKey: Guid(f83aaa5578028474b8a99e7e3205a45c) Importer(815301076,1909f56bfc062723c751e8b465ee728b)
Start importing Assets/Prefabs/Player/PlayerPreFab.prefab using Guid(f83aaa5578028474b8a99e7e3205a45c) Importer(815301076,1909f56bfc062723c751e8b465ee728b)  -> (artifact id: '17e3c9145695b1b01aa685e04adecdde') in 0.112970 seconds
Internal: There are remaining Allocations on the JobTempAlloc. This is a leak, and will impact performance
To Debug, run app with -diag-job-temp-memory-leak-validation cmd line argument. This will output the callstacks of the leaked allocations.
Number of updated asset objects reloaded before import = 0
Number of asset objects unloaded after import = 579
========================================================================
Received Import Request.
  Time since last request: 0.000080 seconds.
  path: Assets/Prefabs/Player/Chef.controller
  artifactKey: Guid(524d41fd5d29ff64fb8363829bae27d5) Importer(815301076,1909f56bfc062723c751e8b465ee728b)
Start importing Assets/Prefabs/Player/Chef.controller using Guid(524d41fd5d29ff64fb8363829bae27d5) Importer(815301076,1909f56bfc062723c751e8b465ee728b)  -> (artifact id: 'f55a735f8a8809bb8dceb097bc640956') in 0.010976 seconds
Internal: There are remaining Allocations on the JobTempAlloc. This is a leak, and will impact performance
To Debug, run app with -diag-job-temp-memory-leak-validation cmd line argument. This will output the callstacks of the leaked allocations.
Number of updated asset objects reloaded before import = 0
Number of asset objects unloaded after import = 20
========================================================================
Received Prepare
Begin MonoManager ReloadAssembly
- Loaded All Assemblies, in  0.793 seconds
Refreshing native plugins compatible for Editor in 6.92 ms, found 3 plugins.
Native extension for WindowsStandalone target not found
Mono: successfully reloaded assembly
- Finished resetting the current domain, in  1.290 seconds
Domain Reload Profiling: 2080ms
	BeginReloadAssembly (172ms)
		ExecutionOrderSort (0ms)
		DisableScriptedObjects (4ms)
		BackupInstance (0ms)
		ReleaseScriptingObjects (0ms)
		CreateAndSetChildDomain (43ms)
	RebuildCommonClasses (36ms)
	RebuildNativeTypeToScriptingClass (11ms)
	initialDomainReloadingComplete (27ms)
	LoadAllAssembliesAndSetupDomain (543ms)
		LoadAssemblies (346ms)
		RebuildTransferFunctionScriptingTraits (0ms)
		AnalyzeDomain (279ms)
			TypeCache.Refresh (274ms)
				TypeCache.ScanAssembly (260ms)
			ScanForSourceGeneratedMonoScriptInfo (0ms)
			ResolveRequiredComponents (5ms)
	FinalizeReload (1291ms)
		ReleaseScriptCaches (0ms)
		RebuildScriptCaches (0ms)
		SetupLoadedEditorAssemblies (404ms)
			LogAssemblyErrors (0ms)
			InitializePlatformSupportModulesInManaged (6ms)
			SetLoadedEditorAssemblies (5ms)
			RefreshPlugins (0ms)
			BeforeProcessingInitializeOnLoad (77ms)
			ProcessInitializeOnLoadAttributes (293ms)
			ProcessInitializeOnLoadMethodAttributes (20ms)
			AfterProcessingInitializeOnLoad (4ms)
			EditorAssembliesLoaded (0ms)
		ExecutionOrderSort2 (0ms)
		AwakeInstancesAfterBackupRestoration (9ms)
Refreshing native plugins compatible for Editor in 7.18 ms, found 3 plugins.
Preloading 0 native plugins for Editor in 0.00 ms.
Unloading 3661 Unused Serialized files (Serialized files now loaded: 0)
Unloading 25 unused Assets / (151.0 KB). Loaded Objects now: 4264.
Memory consumption went from 149.9 MB to 149.7 MB.
Total: 4.977800 ms (FindLiveObjects: 0.383400 ms CreateObjectMapping: 0.089100 ms MarkObjects: 4.327000 ms  DeleteObjects: 0.177300 ms)

Prepare: number of updated asset objects reloaded= 0
AssetImportParameters requested are different than current active one (requested -> active):
  custom:container-demuxer-ogg: 62fdf1f143b41e24485cea50d1cbac27 -> 
  custom:video-decoder-ogg-theora: a1e56fd34408186e4bbccfd4996cb3dc -> 
  custom:framework-win-MediaFoundation: 216162199b28c13a410421893ffa2e32 -> 
  custom:CustomObjectIndexerAttribute: 756ad292c208cfabdd7b50bc23989ffe -> 
  custom:container-demuxer-webm: 4f35f7cbe854078d1ac9338744f61a02 -> 
  custom:container-muxer-webm: aa71ff27fc2769a1b78a27578f13a17b -> 
  custom:video-decoder-webm-vp8: 9c59270c3fd7afecdb556c50c9e8de78 -> 
  custom:AudioImporter_EditorPlatform: d09bf68614088b80899f8185d706f6e7 -> 
  custom:video-encoder-webm-vp8: eb34c28f22e8b96e1ab97ce403110664 -> 
  custom:audio-decoder-ogg-vorbis: bf7c407c2cedff20999df2af8eb42d56 -> 
  custom:audio-encoder-webm-vorbis: bf7c407c2cedff20999df2af8eb42d56 -> 
========================================================================
Received Prepare
Begin MonoManager ReloadAssembly
- Loaded All Assemblies, in  0.761 seconds
Refreshing native plugins compatible for Editor in 6.66 ms, found 3 plugins.
Native extension for WindowsStandalone target not found
Mono: successfully reloaded assembly
- Finished resetting the current domain, in  1.340 seconds
Domain Reload Profiling: 2098ms
	BeginReloadAssembly (170ms)
		ExecutionOrderSort (0ms)
		DisableScriptedObjects (5ms)
		BackupInstance (0ms)
		ReleaseScriptingObjects (0ms)
		CreateAndSetChildDomain (44ms)
	RebuildCommonClasses (34ms)
	RebuildNativeTypeToScriptingClass (11ms)
	initialDomainReloadingComplete (27ms)
	LoadAllAssembliesAndSetupDomain (515ms)
		LoadAssemblies (317ms)
		RebuildTransferFunctionScriptingTraits (0ms)
		AnalyzeDomain (277ms)
			TypeCache.Refresh (272ms)
				TypeCache.ScanAssembly (260ms)
			ScanForSourceGeneratedMonoScriptInfo (0ms)
			ResolveRequiredComponents (6ms)
	FinalizeReload (1341ms)
		ReleaseScriptCaches (0ms)
		RebuildScriptCaches (0ms)
		SetupLoadedEditorAssemblies (401ms)
			LogAssemblyErrors (0ms)
			InitializePlatformSupportModulesInManaged (5ms)
			SetLoadedEditorAssemblies (6ms)
			RefreshPlugins (0ms)
			BeforeProcessingInitializeOnLoad (74ms)
			ProcessInitializeOnLoadAttributes (292ms)
			ProcessInitializeOnLoadMethodAttributes (20ms)
			AfterProcessingInitializeOnLoad (3ms)
			EditorAssembliesLoaded (0ms)
		ExecutionOrderSort2 (0ms)
		AwakeInstancesAfterBackupRestoration (9ms)
Refreshing native plugins compatible for Editor in 7.60 ms, found 3 plugins.
Preloading 0 native plugins for Editor in 0.00 ms.
Unloading 3662 Unused Serialized files (Serialized files now loaded: 0)
Unloading 25 unused Assets / (166.5 KB). Loaded Objects now: 4279.
Memory consumption went from 150.3 MB to 150.1 MB.
Total: 3.664200 ms (FindLiveObjects: 0.642600 ms CreateObjectMapping: 0.320900 ms MarkObjects: 2.518700 ms  DeleteObjects: 0.180600 ms)

Prepare: number of updated asset objects reloaded= 0
AssetImportParameters requested are different than current active one (requested -> active):
  custom:container-demuxer-ogg: 62fdf1f143b41e24485cea50d1cbac27 -> 
  custom:video-decoder-ogg-theora: a1e56fd34408186e4bbccfd4996cb3dc -> 
  custom:framework-win-MediaFoundation: 216162199b28c13a410421893ffa2e32 -> 
  custom:CustomObjectIndexerAttribute: 756ad292c208cfabdd7b50bc23989ffe -> 
  custom:container-demuxer-webm: 4f35f7cbe854078d1ac9338744f61a02 -> 
  custom:container-muxer-webm: aa71ff27fc2769a1b78a27578f13a17b -> 
  custom:video-decoder-webm-vp8: 9c59270c3fd7afecdb556c50c9e8de78 -> 
  custom:AudioImporter_EditorPlatform: d09bf68614088b80899f8185d706f6e7 -> 
  custom:video-encoder-webm-vp8: eb34c28f22e8b96e1ab97ce403110664 -> 
  custom:audio-decoder-ogg-vorbis: bf7c407c2cedff20999df2af8eb42d56 -> 
  custom:audio-encoder-webm-vorbis: bf7c407c2cedff20999df2af8eb42d56 -> 
========================================================================
Received Prepare
Begin MonoManager ReloadAssembly
- Loaded All Assemblies, in  0.759 seconds
Refreshing native plugins compatible for Editor in 7.04 ms, found 3 plugins.
Native extension for WindowsStandalone target not found
Mono: successfully reloaded assembly
- Finished resetting the current domain, in  1.290 seconds
Domain Reload Profiling: 2046ms
	BeginReloadAssembly (166ms)
		ExecutionOrderSort (0ms)
		DisableScriptedObjects (5ms)
		BackupInstance (0ms)
		ReleaseScriptingObjects (0ms)
		CreateAndSetChildDomain (45ms)
	RebuildCommonClasses (34ms)
	RebuildNativeTypeToScriptingClass (12ms)
	initialDomainReloadingComplete (28ms)
	LoadAllAssembliesAndSetupDomain (516ms)
		LoadAssemblies (313ms)
		RebuildTransferFunctionScriptingTraits (0ms)
		AnalyzeDomain (276ms)
			TypeCache.Refresh (270ms)
				TypeCache.ScanAssembly (259ms)
			ScanForSourceGeneratedMonoScriptInfo (0ms)
			ResolveRequiredComponents (6ms)
	FinalizeReload (1291ms)
		ReleaseScriptCaches (0ms)
		RebuildScriptCaches (0ms)
		SetupLoadedEditorAssemblies (398ms)
			LogAssemblyErrors (0ms)
			InitializePlatformSupportModulesInManaged (5ms)
			SetLoadedEditorAssemblies (5ms)
			RefreshPlugins (0ms)
			BeforeProcessingInitializeOnLoad (77ms)
			ProcessInitializeOnLoadAttributes (286ms)
			ProcessInitializeOnLoadMethodAttributes (21ms)
			AfterProcessingInitializeOnLoad (3ms)
			EditorAssembliesLoaded (0ms)
		ExecutionOrderSort2 (0ms)
		AwakeInstancesAfterBackupRestoration (9ms)
Refreshing native plugins compatible for Editor in 8.80 ms, found 3 plugins.
Preloading 0 native plugins for Editor in 0.00 ms.
Unloading 3662 Unused Serialized files (Serialized files now loaded: 0)
Unloading 25 unused Assets / (166.7 KB). Loaded Objects now: 4294.
Memory consumption went from 150.3 MB to 150.1 MB.
Total: 3.523500 ms (FindLiveObjects: 0.408000 ms CreateObjectMapping: 0.300300 ms MarkObjects: 2.624200 ms  DeleteObjects: 0.189400 ms)

Prepare: number of updated asset objects reloaded= 0
AssetImportParameters requested are different than current active one (requested -> active):
  custom:container-demuxer-ogg: 62fdf1f143b41e24485cea50d1cbac27 -> 
  custom:video-decoder-ogg-theora: a1e56fd34408186e4bbccfd4996cb3dc -> 
  custom:framework-win-MediaFoundation: 216162199b28c13a410421893ffa2e32 -> 
  custom:CustomObjectIndexerAttribute: 756ad292c208cfabdd7b50bc23989ffe -> 
  custom:container-demuxer-webm: 4f35f7cbe854078d1ac9338744f61a02 -> 
  custom:container-muxer-webm: aa71ff27fc2769a1b78a27578f13a17b -> 
  custom:video-decoder-webm-vp8: 9c59270c3fd7afecdb556c50c9e8de78 -> 
  custom:AudioImporter_EditorPlatform: d09bf68614088b80899f8185d706f6e7 -> 
  custom:video-encoder-webm-vp8: eb34c28f22e8b96e1ab97ce403110664 -> 
  custom:audio-decoder-ogg-vorbis: bf7c407c2cedff20999df2af8eb42d56 -> 
  custom:audio-encoder-webm-vorbis: bf7c407c2cedff20999df2af8eb42d56 -> 
========================================================================
Received Import Request.
  Time since last request: 433.563032 seconds.
  path: Assets/Prefabs/Player/Animations
  artifactKey: Guid(d63e34c639a3d864f9e05dd0d4c5b1f2) Importer(815301076,1909f56bfc062723c751e8b465ee728b)
Start importing Assets/Prefabs/Player/Animations using Guid(d63e34c639a3d864f9e05dd0d4c5b1f2) Importer(815301076,1909f56bfc062723c751e8b465ee728b)  -> (artifact id: '632c8c2437e3dd4cf3e65ed079967f1f') in 0.003967 seconds
Number of updated asset objects reloaded before import = 0
Number of asset objects unloaded after import = 0
========================================================================
Received Import Request.
  Time since last request: 1872.730028 seconds.
  path: Assets/Meshes/Fork
  artifactKey: Guid(66b143551891bb249a40125fb444aae6) Importer(815301076,1909f56bfc062723c751e8b465ee728b)
Start importing Assets/Meshes/Fork using Guid(66b143551891bb249a40125fb444aae6) Importer(815301076,1909f56bfc062723c751e8b465ee728b)  -> (artifact id: '34d6d9a74ca40d30355dafe3cda8eb36') in 0.015658 seconds
Number of updated asset objects reloaded before import = 0
Number of asset objects unloaded after import = 0
========================================================================
Received Import Request.
  Time since last request: 0.000103 seconds.
  path: Assets/Meshes/Fork/standardSurface1_Metallic.png
  artifactKey: Guid(c19bdedd20aeefd4490c3b60cecce67f) Importer(815301076,1909f56bfc062723c751e8b465ee728b)
Start importing Assets/Meshes/Fork/standardSurface1_Metallic.png using Guid(c19bdedd20aeefd4490c3b60cecce67f) Importer(815301076,1909f56bfc062723c751e8b465ee728b)  -> (artifact id: '25e9788e3a916e23a3c275a860a30b64') in 0.497760 seconds
Number of updated asset objects reloaded before import = 0
Number of asset objects unloaded after import = 2
========================================================================
Received Import Request.
  Time since last request: 0.000023 seconds.
  path: Assets/Meshes/Fork/standardSurface1_Height.png
  artifactKey: Guid(a6da204a62257cf4bb524912d01a48b5) Importer(815301076,1909f56bfc062723c751e8b465ee728b)
Start importing Assets/Meshes/Fork/standardSurface1_Height.png using Guid(a6da204a62257cf4bb524912d01a48b5) Importer(815301076,1909f56bfc062723c751e8b465ee728b)  -> (artifact id: '37c870dea2c95766009fea91ba4634b9') in 0.012193 seconds
Number of updated asset objects reloaded before import = 0
Number of asset objects unloaded after import = 2
========================================================================
Received Import Request.
  Time since last request: 0.000020 seconds.
  path: Assets/Meshes/Fork/Fork.fbx
  artifactKey: Guid(e655311cf2d9da74195415c4709e869c) Importer(815301076,1909f56bfc062723c751e8b465ee728b)
Start importing Assets/Meshes/Fork/Fork.fbx using Guid(e655311cf2d9da74195415c4709e869c) Importer(815301076,1909f56bfc062723c751e8b465ee728b)  -> (artifact id: '51921fd440f42c40fe3bf2f32f366886') in 0.299296 seconds
Number of updated asset objects reloaded before import = 0
Number of asset objects unloaded after import = 8
========================================================================
Received Import Request.
  Time since last request: 0.000021 seconds.
  path: Assets/Meshes/Fork/standardSurface1_Base_color.png
  artifactKey: Guid(5dc359c133ab51543a7cc53c38262c82) Importer(815301076,1909f56bfc062723c751e8b465ee728b)
Start importing Assets/Meshes/Fork/standardSurface1_Base_color.png using Guid(5dc359c133ab51543a7cc53c38262c82) Importer(815301076,1909f56bfc062723c751e8b465ee728b)  -> (artifact id: 'ff3874566b9d484a4c86bb0ff674a66c') in 0.137251 seconds
Number of updated asset objects reloaded before import = 0
Number of asset objects unloaded after import = 2
========================================================================
Received Import Request.
  Time since last request: 0.000023 seconds.
  path: Assets/Meshes/Fork/standardSurface1_Normal.png
  artifactKey: Guid(d963ce3cede8cec43a91101a2158d3ee) Importer(815301076,1909f56bfc062723c751e8b465ee728b)
Start importing Assets/Meshes/Fork/standardSurface1_Normal.png using Guid(d963ce3cede8cec43a91101a2158d3ee) Importer(815301076,1909f56bfc062723c751e8b465ee728b)  -> (artifact id: '2d5280c33c54b07617b16e66d2039841') in 0.009342 seconds
Number of updated asset objects reloaded before import = 0
Number of asset objects unloaded after import = 2
========================================================================
Received Import Request.
  Time since last request: 0.000017 seconds.
  path: Assets/Meshes/Fork/standardSurface1_Mixed_AO.png
  artifactKey: Guid(cdc99d22c4ae4394891baccb50471b67) Importer(815301076,1909f56bfc062723c751e8b465ee728b)
Start importing Assets/Meshes/Fork/standardSurface1_Mixed_AO.png using Guid(cdc99d22c4ae4394891baccb50471b67) Importer(815301076,1909f56bfc062723c751e8b465ee728b)  -> (artifact id: '08a52b2deb187bf8ac1c75dbb81b90a8') in 0.008187 seconds
Number of updated asset objects reloaded before import = 0
Number of asset objects unloaded after import = 2
========================================================================
Received Import Request.
  Time since last request: 0.000211 seconds.
  path: Assets/Meshes/Fork/standardSurface1_Normal_OpenGL.png
  artifactKey: Guid(2f43921c5fbf1a148868f01b17f540c4) Importer(815301076,1909f56bfc062723c751e8b465ee728b)
Start importing Assets/Meshes/Fork/standardSurface1_Normal_OpenGL.png using Guid(2f43921c5fbf1a148868f01b17f540c4) Importer(815301076,1909f56bfc062723c751e8b465ee728b)  -> (artifact id: '5235c5778a3829ff769bc86f30b10776') in 0.008759 seconds
Number of updated asset objects reloaded before import = 0
Number of asset objects unloaded after import = 2
========================================================================
Received Import Request.
  Time since last request: 0.000017 seconds.
  path: Assets/Meshes/Fork/standardSurface1_Roughness.png
  artifactKey: Guid(48812737ccdb6a4479e6b69eb45b8593) Importer(815301076,1909f56bfc062723c751e8b465ee728b)
Start importing Assets/Meshes/Fork/standardSurface1_Roughness.png using Guid(48812737ccdb6a4479e6b69eb45b8593) Importer(815301076,1909f56bfc062723c751e8b465ee728b)  -> (artifact id: '77c2d516b8d550676366c8447113cdb4') in 0.008620 seconds
Number of updated asset objects reloaded before import = 0
Number of asset objects unloaded after import = 2
========================================================================
Received Import Request.
  Time since last request: 12.032401 seconds.
  path: Assets/Meshes/Fork/M_Fork.mat
  artifactKey: Guid(6c50728ed7ee89545963499689f55cf6) Importer(815301076,1909f56bfc062723c751e8b465ee728b)
Start importing Assets/Meshes/Fork/M_Fork.mat using Guid(6c50728ed7ee89545963499689f55cf6) Importer(815301076,1909f56bfc062723c751e8b465ee728b)  -> (artifact id: '913f155b61c7d980b3b7d19ed47da278') in 0.008733 seconds
Number of updated asset objects reloaded before import = 0
Number of asset objects unloaded after import = 1
========================================================================
Received Import Request.
  Time since last request: 61.167881 seconds.
  path: Assets/Meshes/Fork/standardSurface1_Normal_OpenGL.png
  artifactKey: Guid(2f43921c5fbf1a148868f01b17f540c4) Importer(815301076,1909f56bfc062723c751e8b465ee728b)
Start importing Assets/Meshes/Fork/standardSurface1_Normal_OpenGL.png using Guid(2f43921c5fbf1a148868f01b17f540c4) Importer(815301076,1909f56bfc062723c751e8b465ee728b)  -> (artifact id: '9460b4ba25f77e4acce2a538bb3856cf') in 0.228668 seconds
Number of updated asset objects reloaded before import = 0
Number of asset objects unloaded after import = 2
========================================================================
Received Import Request.
  Time since last request: 60.051872 seconds.
  path: Assets/Prefabs/Tools/Fork Variant.prefab
  artifactKey: Guid(cf2290e3f01ca444ca4b13740c8added) Importer(815301076,1909f56bfc062723c751e8b465ee728b)
Start importing Assets/Prefabs/Tools/Fork Variant.prefab using Guid(cf2290e3f01ca444ca4b13740c8added) Importer(815301076,1909f56bfc062723c751e8b465ee728b)  -> (artifact id: '37e337a6646df73a199aedc69585a9bc') in 0.016435 seconds
Number of updated asset objects reloaded before import = 0
Number of asset objects unloaded after import = 16
========================================================================
Received Import Request.
  Time since last request: 5.067695 seconds.
  path: Assets/Prefabs/Tools/Fork.prefab
  artifactKey: Guid(cf2290e3f01ca444ca4b13740c8added) Importer(815301076,1909f56bfc062723c751e8b465ee728b)
Start importing Assets/Prefabs/Tools/Fork.prefab using Guid(cf2290e3f01ca444ca4b13740c8added) Importer(815301076,1909f56bfc062723c751e8b465ee728b)  -> (artifact id: '1071b4ff2b99c7c28620d95c72f8f774') in 0.010743 seconds
Number of updated asset objects reloaded before import = 0
Number of asset objects unloaded after import = 16
========================================================================
Received Import Request.
  Time since last request: 1.860541 seconds.
  path: Assets/Prefabs/Tools/Fork.prefab
  artifactKey: Guid(cf2290e3f01ca444ca4b13740c8added) Importer(815301076,1909f56bfc062723c751e8b465ee728b)
Start importing Assets/Prefabs/Tools/Fork.prefab using Guid(cf2290e3f01ca444ca4b13740c8added) Importer(815301076,1909f56bfc062723c751e8b465ee728b)  -> (artifact id: '003403a5c640a4ea3224fea7b15eb942') in 0.061739 seconds
Number of updated asset objects reloaded before import = 0
Number of asset objects unloaded after import = 20
========================================================================
Received Prepare
Begin MonoManager ReloadAssembly
- Loaded All Assemblies, in  2.249 seconds
Refreshing native plugins compatible for Editor in 8.43 ms, found 3 plugins.
Native extension for WindowsStandalone target not found
Mono: successfully reloaded assembly
- Finished resetting the current domain, in  1.967 seconds
Domain Reload Profiling: 4214ms
	BeginReloadAssembly (420ms)
		ExecutionOrderSort (0ms)
		DisableScriptedObjects (5ms)
		BackupInstance (0ms)
		ReleaseScriptingObjects (0ms)
		CreateAndSetChildDomain (240ms)
	RebuildCommonClasses (37ms)
	RebuildNativeTypeToScriptingClass (12ms)
	initialDomainReloadingComplete (32ms)
	LoadAllAssembliesAndSetupDomain (1745ms)
		LoadAssemblies (1534ms)
		RebuildTransferFunctionScriptingTraits (0ms)
		AnalyzeDomain (336ms)
			TypeCache.Refresh (330ms)
				TypeCache.ScanAssembly (312ms)
			ScanForSourceGeneratedMonoScriptInfo (0ms)
			ResolveRequiredComponents (6ms)
	FinalizeReload (1968ms)
		ReleaseScriptCaches (0ms)
		RebuildScriptCaches (0ms)
		SetupLoadedEditorAssemblies (393ms)
			LogAssemblyErrors (0ms)
			InitializePlatformSupportModulesInManaged (5ms)
			SetLoadedEditorAssemblies (6ms)
			RefreshPlugins (0ms)
			BeforeProcessingInitializeOnLoad (74ms)
			ProcessInitializeOnLoadAttributes (282ms)
			ProcessInitializeOnLoadMethodAttributes (21ms)
			AfterProcessingInitializeOnLoad (4ms)
			EditorAssembliesLoaded (0ms)
		ExecutionOrderSort2 (0ms)
		AwakeInstancesAfterBackupRestoration (9ms)
Refreshing native plugins compatible for Editor in 6.65 ms, found 3 plugins.
Preloading 0 native plugins for Editor in 0.00 ms.
Unloading 3661 Unused Serialized files (Serialized files now loaded: 0)
Unloading 25 unused Assets / (166.7 KB). Loaded Objects now: 4309.
Memory consumption went from 150.1 MB to 149.9 MB.
Total: 4.547600 ms (FindLiveObjects: 0.496900 ms CreateObjectMapping: 0.089900 ms MarkObjects: 3.696100 ms  DeleteObjects: 0.263900 ms)

Prepare: number of updated asset objects reloaded= 0
AssetImportParameters requested are different than current active one (requested -> active):
  custom:container-demuxer-ogg: 62fdf1f143b41e24485cea50d1cbac27 -> 
  custom:video-decoder-ogg-theora: a1e56fd34408186e4bbccfd4996cb3dc -> 
  custom:framework-win-MediaFoundation: 216162199b28c13a410421893ffa2e32 -> 
  custom:CustomObjectIndexerAttribute: 756ad292c208cfabdd7b50bc23989ffe -> 
  custom:container-demuxer-webm: 4f35f7cbe854078d1ac9338744f61a02 -> 
  custom:container-muxer-webm: aa71ff27fc2769a1b78a27578f13a17b -> 
  custom:video-decoder-webm-vp8: 9c59270c3fd7afecdb556c50c9e8de78 -> 
  custom:AudioImporter_EditorPlatform: d09bf68614088b80899f8185d706f6e7 -> 
  custom:video-encoder-webm-vp8: eb34c28f22e8b96e1ab97ce403110664 -> 
  custom:audio-decoder-ogg-vorbis: bf7c407c2cedff20999df2af8eb42d56 -> 
  custom:audio-encoder-webm-vorbis: bf7c407c2cedff20999df2af8eb42d56 -> 
